Requirement already satisfied: aiohttp==3.9.1 in /projectnb/viscog01/venvs/wen_env/bin/python/lib/python3.10/site-packages (from -r /projectnb2/viscog01/Wen/IBL_TI_fMRI/Ana_code/TIstriatum_requirements.txt (line 1)) (3.9.1)
Requirement already satisfied: aiosignal==1.3.1 in /projectnb/viscog01/venvs/wen_env/bin/python/lib/python3.10/site-packages (from -r /projectnb2/viscog01/Wen/IBL_TI_fMRI/Ana_code/TIstriatum_requirements.txt (line 2)) (1.3.1)
Requirement already satisfied: anyio==4.2.0 in /projectnb/viscog01/venvs/wen_env/bin/python/lib/python3.10/site-packages (from -r /projectnb2/viscog01/Wen/IBL_TI_fMRI/Ana_code/TIstriatum_requirements.txt (line 3)) (4.2.0)
Requirement already satisfied: apptools==5.2.1 in /projectnb/viscog01/venvs/wen_env/bin/python/lib/python3.10/site-packages (from -r /projectnb2/viscog01/Wen/IBL_TI_fMRI/Ana_code/TIstriatum_requirements.txt (line 4)) (5.2.1)
Requirement already satisfied: argon2-cffi==23.1.0 in /projectnb/viscog01/venvs/wen_env/bin/python/lib/python3.10/site-packages (from -r /projectnb2/viscog01/Wen/IBL_TI_fMRI/Ana_code/TIstriatum_requirements.txt (line 5)) (23.1.0)
Requirement already satisfied: argon2-cffi-bindings==21.2.0 in /projectnb/viscog01/venvs/wen_env/bin/python/lib/python3.10/site-packages (from -r /projectnb2/viscog01/Wen/IBL_TI_fMRI/Ana_code/TIstriatum_requirements.txt (line 6)) (21.2.0)
Requirement already satisfied: arrow==1.3.0 in /projectnb/viscog01/venvs/wen_env/bin/python/lib/python3.10/site-packages (from -r /projectnb2/viscog01/Wen/IBL_TI_fMRI/Ana_code/TIstriatum_requirements.txt (line 7)) (1.3.0)
Requirement already satisfied: astor==0.8.1 in /projectnb/viscog01/venvs/wen_env/bin/python/lib/python3.10/site-packages (from -r /projectnb2/viscog01/Wen/IBL_TI_fMRI/Ana_code/TIstriatum_requirements.txt (line 8)) (0.8.1)
Requirement already satisfied: asttokens==2.4.1 in /projectnb/viscog01/venvs/wen_env/bin/python/lib/python3.10/site-packages (from -r /projectnb2/viscog01/Wen/IBL_TI_fMRI/Ana_code/TIstriatum_requirements.txt (line 9)) (2.4.1)
Requirement already satisfied: async-lru==2.0.4 in /projectnb/viscog01/venvs/wen_env/bin/python/lib/python3.10/site-packages (from -r /projectnb2/viscog01/Wen/IBL_TI_fMRI/Ana_code/TIstriatum_requirements.txt (line 10)) (2.0.4)
Requirement already satisfied: async-timeout==4.0.3 in /projectnb/viscog01/venvs/wen_env/bin/python/lib/python3.10/site-packages (from -r /projectnb2/viscog01/Wen/IBL_TI_fMRI/Ana_code/TIstriatum_requirements.txt (line 11)) (4.0.3)
Requirement already satisfied: atlasreader==0.1.2 in /projectnb/viscog01/venvs/wen_env/bin/python/lib/python3.10/site-packages (from -r /projectnb2/viscog01/Wen/IBL_TI_fMRI/Ana_code/TIstriatum_requirements.txt (line 12)) (0.1.2)
Requirement already satisfied: attrs==23.2.0 in /projectnb/viscog01/venvs/wen_env/bin/python/lib/python3.10/site-packages (from -r /projectnb2/viscog01/Wen/IBL_TI_fMRI/Ana_code/TIstriatum_requirements.txt (line 13)) (23.2.0)
Requirement already satisfied: Babel==2.14.0 in /projectnb/viscog01/venvs/wen_env/bin/python/lib/python3.10/site-packages (from -r /projectnb2/viscog01/Wen/IBL_TI_fMRI/Ana_code/TIstriatum_requirements.txt (line 14)) (2.14.0)
Requirement already satisfied: beautifulsoup4==4.12.2 in /projectnb/viscog01/venvs/wen_env/bin/python/lib/python3.10/site-packages (from -r /projectnb2/viscog01/Wen/IBL_TI_fMRI/Ana_code/TIstriatum_requirements.txt (line 15)) (4.12.2)
Requirement already satisfied: bids-validator==1.14.0 in /projectnb/viscog01/venvs/wen_env/bin/python/lib/python3.10/site-packages (from -r /projectnb2/viscog01/Wen/IBL_TI_fMRI/Ana_code/TIstriatum_requirements.txt (line 16)) (1.14.0)
Requirement already satisfied: bleach==6.1.0 in /projectnb/viscog01/venvs/wen_env/bin/python/lib/python3.10/site-packages (from -r /projectnb2/viscog01/Wen/IBL_TI_fMRI/Ana_code/TIstriatum_requirements.txt (line 17)) (6.1.0)
Requirement already satisfied: certifi==2023.11.17 in /projectnb/viscog01/venvs/wen_env/bin/python/lib/python3.10/site-packages (from -r /projectnb2/viscog01/Wen/IBL_TI_fMRI/Ana_code/TIstriatum_requirements.txt (line 18)) (2023.11.17)
Requirement already satisfied: cffi==1.16.0 in /projectnb/viscog01/venvs/wen_env/bin/python/lib/python3.10/site-packages (from -r /projectnb2/viscog01/Wen/IBL_TI_fMRI/Ana_code/TIstriatum_requirements.txt (line 19)) (1.16.0)
Requirement already satisfied: charset-normalizer==3.3.2 in /projectnb/viscog01/venvs/wen_env/bin/python/lib/python3.10/site-packages (from -r /projectnb2/viscog01/Wen/IBL_TI_fMRI/Ana_code/TIstriatum_requirements.txt (line 20)) (3.3.2)
Requirement already satisfied: click==8.1.7 in /projectnb/viscog01/venvs/wen_env/bin/python/lib/python3.10/site-packages (from -r /projectnb2/viscog01/Wen/IBL_TI_fMRI/Ana_code/TIstriatum_requirements.txt (line 21)) (8.1.7)
Requirement already satisfied: comm==0.2.1 in /projectnb/viscog01/venvs/wen_env/bin/python/lib/python3.10/site-packages (from -r /projectnb2/viscog01/Wen/IBL_TI_fMRI/Ana_code/TIstriatum_requirements.txt (line 22)) (0.2.1)
Requirement already satisfied: configobj==5.0.8 in /projectnb/viscog01/venvs/wen_env/bin/python/lib/python3.10/site-packages (from -r /projectnb2/viscog01/Wen/IBL_TI_fMRI/Ana_code/TIstriatum_requirements.txt (line 23)) (5.0.8)
Requirement already satisfied: contourpy==1.2.0 in /projectnb/viscog01/venvs/wen_env/bin/python/lib/python3.10/site-packages (from -r /projectnb2/viscog01/Wen/IBL_TI_fMRI/Ana_code/TIstriatum_requirements.txt (line 24)) (1.2.0)
Requirement already satisfied: cycler==0.12.1 in /projectnb/viscog01/venvs/wen_env/bin/python/lib/python3.10/site-packages (from -r /projectnb2/viscog01/Wen/IBL_TI_fMRI/Ana_code/TIstriatum_requirements.txt (line 25)) (0.12.1)
Requirement already satisfied: debugpy==1.8.0 in /projectnb/viscog01/venvs/wen_env/bin/python/lib/python3.10/site-packages (from -r /projectnb2/viscog01/Wen/IBL_TI_fMRI/Ana_code/TIstriatum_requirements.txt (line 26)) (1.8.0)
Requirement already satisfied: decorator==5.1.1 in /projectnb/viscog01/venvs/wen_env/bin/python/lib/python3.10/site-packages (from -r /projectnb2/viscog01/Wen/IBL_TI_fMRI/Ana_code/TIstriatum_requirements.txt (line 27)) (5.1.1)
Requirement already satisfied: defusedxml==0.7.1 in /projectnb/viscog01/venvs/wen_env/bin/python/lib/python3.10/site-packages (from -r /projectnb2/viscog01/Wen/IBL_TI_fMRI/Ana_code/TIstriatum_requirements.txt (line 28)) (0.7.1)
Requirement already satisfied: docopt==0.6.2 in /projectnb/viscog01/venvs/wen_env/bin/python/lib/python3.10/site-packages (from -r /projectnb2/viscog01/Wen/IBL_TI_fMRI/Ana_code/TIstriatum_requirements.txt (line 29)) (0.6.2)
Requirement already satisfied: envisage==7.0.3 in /projectnb/viscog01/venvs/wen_env/bin/python/lib/python3.10/site-packages (from -r /projectnb2/viscog01/Wen/IBL_TI_fMRI/Ana_code/TIstriatum_requirements.txt (line 30)) (7.0.3)
Requirement already satisfied: exceptiongroup==1.2.0 in /projectnb/viscog01/venvs/wen_env/bin/python/lib/python3.10/site-packages (from -r /projectnb2/viscog01/Wen/IBL_TI_fMRI/Ana_code/TIstriatum_requirements.txt (line 31)) (1.2.0)
Requirement already satisfied: executing==2.0.1 in /projectnb/viscog01/venvs/wen_env/bin/python/lib/python3.10/site-packages (from -r /projectnb2/viscog01/Wen/IBL_TI_fMRI/Ana_code/TIstriatum_requirements.txt (line 32)) (2.0.1)
Requirement already satisfied: fastjsonschema==2.19.1 in /projectnb/viscog01/venvs/wen_env/bin/python/lib/python3.10/site-packages (from -r /projectnb2/viscog01/Wen/IBL_TI_fMRI/Ana_code/TIstriatum_requirements.txt (line 33)) (2.19.1)
Requirement already satisfied: fonttools==4.47.0 in /projectnb/viscog01/venvs/wen_env/bin/python/lib/python3.10/site-packages (from -r /projectnb2/viscog01/Wen/IBL_TI_fMRI/Ana_code/TIstriatum_requirements.txt (line 34)) (4.47.0)
Requirement already satisfied: formulaic==0.5.2 in /projectnb/viscog01/venvs/wen_env/bin/python/lib/python3.10/site-packages (from -r /projectnb2/viscog01/Wen/IBL_TI_fMRI/Ana_code/TIstriatum_requirements.txt (line 35)) (0.5.2)
Requirement already satisfied: fqdn==1.5.1 in /projectnb/viscog01/venvs/wen_env/bin/python/lib/python3.10/site-packages (from -r /projectnb2/viscog01/Wen/IBL_TI_fMRI/Ana_code/TIstriatum_requirements.txt (line 36)) (1.5.1)
Requirement already satisfied: frozenlist==1.4.1 in /projectnb/viscog01/venvs/wen_env/bin/python/lib/python3.10/site-packages (from -r /projectnb2/viscog01/Wen/IBL_TI_fMRI/Ana_code/TIstriatum_requirements.txt (line 37)) (1.4.1)
Requirement already satisfied: greenlet==3.0.3 in /projectnb/viscog01/venvs/wen_env/bin/python/lib/python3.10/site-packages (from -r /projectnb2/viscog01/Wen/IBL_TI_fMRI/Ana_code/TIstriatum_requirements.txt (line 38)) (3.0.3)
Requirement already satisfied: idna==3.6 in /projectnb/viscog01/venvs/wen_env/bin/python/lib/python3.10/site-packages (from -r /projectnb2/viscog01/Wen/IBL_TI_fMRI/Ana_code/TIstriatum_requirements.txt (line 39)) (3.6)
Requirement already satisfied: imageio==2.33.1 in /projectnb/viscog01/venvs/wen_env/bin/python/lib/python3.10/site-packages (from -r /projectnb2/viscog01/Wen/IBL_TI_fMRI/Ana_code/TIstriatum_requirements.txt (line 40)) (2.33.1)
Requirement already satisfied: interface-meta==1.3.0 in /projectnb/viscog01/venvs/wen_env/bin/python/lib/python3.10/site-packages (from -r /projectnb2/viscog01/Wen/IBL_TI_fMRI/Ana_code/TIstriatum_requirements.txt (line 41)) (1.3.0)
Requirement already satisfied: ipyevents==2.0.2 in /projectnb/viscog01/venvs/wen_env/bin/python/lib/python3.10/site-packages (from -r /projectnb2/viscog01/Wen/IBL_TI_fMRI/Ana_code/TIstriatum_requirements.txt (line 42)) (2.0.2)
Requirement already satisfied: ipykernel==6.28.0 in /projectnb/viscog01/venvs/wen_env/bin/python/lib/python3.10/site-packages (from -r /projectnb2/viscog01/Wen/IBL_TI_fMRI/Ana_code/TIstriatum_requirements.txt (line 43)) (6.28.0)
Requirement already satisfied: ipython==8.20.0 in /projectnb/viscog01/venvs/wen_env/bin/python/lib/python3.10/site-packages (from -r /projectnb2/viscog01/Wen/IBL_TI_fMRI/Ana_code/TIstriatum_requirements.txt (line 44)) (8.20.0)
Requirement already satisfied: ipywidgets==8.1.1 in /projectnb/viscog01/venvs/wen_env/bin/python/lib/python3.10/site-packages (from -r /projectnb2/viscog01/Wen/IBL_TI_fMRI/Ana_code/TIstriatum_requirements.txt (line 45)) (8.1.1)
Requirement already satisfied: isoduration==20.11.0 in /projectnb/viscog01/venvs/wen_env/bin/python/lib/python3.10/site-packages (from -r /projectnb2/viscog01/Wen/IBL_TI_fMRI/Ana_code/TIstriatum_requirements.txt (line 46)) (20.11.0)
Requirement already satisfied: jedi==0.19.1 in /projectnb/viscog01/venvs/wen_env/bin/python/lib/python3.10/site-packages (from -r /projectnb2/viscog01/Wen/IBL_TI_fMRI/Ana_code/TIstriatum_requirements.txt (line 47)) (0.19.1)
Requirement already satisfied: Jinja2==3.1.3 in /projectnb/viscog01/venvs/wen_env/bin/python/lib/python3.10/site-packages (from -r /projectnb2/viscog01/Wen/IBL_TI_fMRI/Ana_code/TIstriatum_requirements.txt (line 48)) (3.1.3)
Requirement already satisfied: joblib==1.3.2 in /projectnb/viscog01/venvs/wen_env/bin/python/lib/python3.10/site-packages (from -r /projectnb2/viscog01/Wen/IBL_TI_fMRI/Ana_code/TIstriatum_requirements.txt (line 49)) (1.3.2)
Requirement already satisfied: json5==0.9.14 in /projectnb/viscog01/venvs/wen_env/bin/python/lib/python3.10/site-packages (from -r /projectnb2/viscog01/Wen/IBL_TI_fMRI/Ana_code/TIstriatum_requirements.txt (line 50)) (0.9.14)
Requirement already satisfied: jsonpointer==2.4 in /projectnb/viscog01/venvs/wen_env/bin/python/lib/python3.10/site-packages (from -r /projectnb2/viscog01/Wen/IBL_TI_fMRI/Ana_code/TIstriatum_requirements.txt (line 51)) (2.4)
Requirement already satisfied: jsonschema==4.20.0 in /projectnb/viscog01/venvs/wen_env/bin/python/lib/python3.10/site-packages (from -r /projectnb2/viscog01/Wen/IBL_TI_fMRI/Ana_code/TIstriatum_requirements.txt (line 52)) (4.20.0)
Requirement already satisfied: jsonschema-specifications==2023.12.1 in /projectnb/viscog01/venvs/wen_env/bin/python/lib/python3.10/site-packages (from -r /projectnb2/viscog01/Wen/IBL_TI_fMRI/Ana_code/TIstriatum_requirements.txt (line 53)) (2023.12.1)
Requirement already satisfied: jupyter-events==0.9.0 in /projectnb/viscog01/venvs/wen_env/bin/python/lib/python3.10/site-packages (from -r /projectnb2/viscog01/Wen/IBL_TI_fMRI/Ana_code/TIstriatum_requirements.txt (line 54)) (0.9.0)
Requirement already satisfied: jupyter-lsp==2.2.1 in /projectnb/viscog01/venvs/wen_env/bin/python/lib/python3.10/site-packages (from -r /projectnb2/viscog01/Wen/IBL_TI_fMRI/Ana_code/TIstriatum_requirements.txt (line 55)) (2.2.1)
Requirement already satisfied: jupyter_client==8.6.0 in /projectnb/viscog01/venvs/wen_env/bin/python/lib/python3.10/site-packages (from -r /projectnb2/viscog01/Wen/IBL_TI_fMRI/Ana_code/TIstriatum_requirements.txt (line 56)) (8.6.0)
Requirement already satisfied: jupyter_core==5.7.1 in /projectnb/viscog01/venvs/wen_env/bin/python/lib/python3.10/site-packages (from -r /projectnb2/viscog01/Wen/IBL_TI_fMRI/Ana_code/TIstriatum_requirements.txt (line 57)) (5.7.1)
Requirement already satisfied: jupyter_server==2.12.4 in /projectnb/viscog01/venvs/wen_env/bin/python/lib/python3.10/site-packages (from -r /projectnb2/viscog01/Wen/IBL_TI_fMRI/Ana_code/TIstriatum_requirements.txt (line 58)) (2.12.4)
Requirement already satisfied: jupyter_server_terminals==0.5.1 in /projectnb/viscog01/venvs/wen_env/bin/python/lib/python3.10/site-packages (from -r /projectnb2/viscog01/Wen/IBL_TI_fMRI/Ana_code/TIstriatum_requirements.txt (line 59)) (0.5.1)
Requirement already satisfied: jupyterlab==4.0.10 in /projectnb/viscog01/venvs/wen_env/bin/python/lib/python3.10/site-packages (from -r /projectnb2/viscog01/Wen/IBL_TI_fMRI/Ana_code/TIstriatum_requirements.txt (line 60)) (4.0.10)
Requirement already satisfied: jupyterlab-widgets==3.0.9 in /projectnb/viscog01/venvs/wen_env/bin/python/lib/python3.10/site-packages (from -r /projectnb2/viscog01/Wen/IBL_TI_fMRI/Ana_code/TIstriatum_requirements.txt (line 61)) (3.0.9)
Requirement already satisfied: jupyterlab_pygments==0.3.0 in /projectnb/viscog01/venvs/wen_env/bin/python/lib/python3.10/site-packages (from -r /projectnb2/viscog01/Wen/IBL_TI_fMRI/Ana_code/TIstriatum_requirements.txt (line 62)) (0.3.0)
Requirement already satisfied: jupyterlab_server==2.25.2 in /projectnb/viscog01/venvs/wen_env/bin/python/lib/python3.10/site-packages (from -r /projectnb2/viscog01/Wen/IBL_TI_fMRI/Ana_code/TIstriatum_requirements.txt (line 63)) (2.25.2)
Requirement already satisfied: jupytext==1.16.0 in /projectnb/viscog01/venvs/wen_env/bin/python/lib/python3.10/site-packages (from -r /projectnb2/viscog01/Wen/IBL_TI_fMRI/Ana_code/TIstriatum_requirements.txt (line 64)) (1.16.0)
Requirement already satisfied: kiwisolver==1.4.5 in /projectnb/viscog01/venvs/wen_env/bin/python/lib/python3.10/site-packages (from -r /projectnb2/viscog01/Wen/IBL_TI_fMRI/Ana_code/TIstriatum_requirements.txt (line 65)) (1.4.5)
Requirement already satisfied: lazy_loader==0.3 in /projectnb/viscog01/venvs/wen_env/bin/python/lib/python3.10/site-packages (from -r /projectnb2/viscog01/Wen/IBL_TI_fMRI/Ana_code/TIstriatum_requirements.txt (line 66)) (0.3)
Requirement already satisfied: lckr_jupyterlab_variableinspector==3.1.0 in /projectnb/viscog01/venvs/wen_env/bin/python/lib/python3.10/site-packages (from -r /projectnb2/viscog01/Wen/IBL_TI_fMRI/Ana_code/TIstriatum_requirements.txt (line 67)) (3.1.0)
Requirement already satisfied: lxml==5.1.0 in /projectnb/viscog01/venvs/wen_env/bin/python/lib/python3.10/site-packages (from -r /projectnb2/viscog01/Wen/IBL_TI_fMRI/Ana_code/TIstriatum_requirements.txt (line 68)) (5.1.0)
Requirement already satisfied: markdown-it-py==3.0.0 in /projectnb/viscog01/venvs/wen_env/bin/python/lib/python3.10/site-packages (from -r /projectnb2/viscog01/Wen/IBL_TI_fMRI/Ana_code/TIstriatum_requirements.txt (line 69)) (3.0.0)
Requirement already satisfied: MarkupSafe==2.1.3 in /projectnb/viscog01/venvs/wen_env/bin/python/lib/python3.10/site-packages (from -r /projectnb2/viscog01/Wen/IBL_TI_fMRI/Ana_code/TIstriatum_requirements.txt (line 70)) (2.1.3)
Requirement already satisfied: matplotlib==3.8.2 in /projectnb/viscog01/venvs/wen_env/bin/python/lib/python3.10/site-packages (from -r /projectnb2/viscog01/Wen/IBL_TI_fMRI/Ana_code/TIstriatum_requirements.txt (line 71)) (3.8.2)
Requirement already satisfied: matplotlib-inline==0.1.6 in /projectnb/viscog01/venvs/wen_env/bin/python/lib/python3.10/site-packages (from -r /projectnb2/viscog01/Wen/IBL_TI_fMRI/Ana_code/TIstriatum_requirements.txt (line 72)) (0.1.6)
Requirement already satisfied: mayavi==4.8.1 in /projectnb/viscog01/venvs/wen_env/bin/python/lib/python3.10/site-packages (from -r /projectnb2/viscog01/Wen/IBL_TI_fMRI/Ana_code/TIstriatum_requirements.txt (line 73)) (4.8.1)
Requirement already satisfied: mdit-py-plugins==0.4.0 in /projectnb/viscog01/venvs/wen_env/bin/python/lib/python3.10/site-packages (from -r /projectnb2/viscog01/Wen/IBL_TI_fMRI/Ana_code/TIstriatum_requirements.txt (line 74)) (0.4.0)
Requirement already satisfied: mdurl==0.1.2 in /projectnb/viscog01/venvs/wen_env/bin/python/lib/python3.10/site-packages (from -r /projectnb2/viscog01/Wen/IBL_TI_fMRI/Ana_code/TIstriatum_requirements.txt (line 75)) (0.1.2)
Requirement already satisfied: mistune==3.0.2 in /projectnb/viscog01/venvs/wen_env/bin/python/lib/python3.10/site-packages (from -r /projectnb2/viscog01/Wen/IBL_TI_fMRI/Ana_code/TIstriatum_requirements.txt (line 76)) (3.0.2)
Requirement already satisfied: multidict==6.0.4 in /projectnb/viscog01/venvs/wen_env/bin/python/lib/python3.10/site-packages (from -r /projectnb2/viscog01/Wen/IBL_TI_fMRI/Ana_code/TIstriatum_requirements.txt (line 77)) (6.0.4)
Requirement already satisfied: nbclient==0.9.0 in /projectnb/viscog01/venvs/wen_env/bin/python/lib/python3.10/site-packages (from -r /projectnb2/viscog01/Wen/IBL_TI_fMRI/Ana_code/TIstriatum_requirements.txt (line 78)) (0.9.0)
Requirement already satisfied: nbconvert==7.14.1 in /projectnb/viscog01/venvs/wen_env/bin/python/lib/python3.10/site-packages (from -r /projectnb2/viscog01/Wen/IBL_TI_fMRI/Ana_code/TIstriatum_requirements.txt (line 79)) (7.14.1)
Requirement already satisfied: nbformat==5.9.2 in /projectnb/viscog01/venvs/wen_env/bin/python/lib/python3.10/site-packages (from -r /projectnb2/viscog01/Wen/IBL_TI_fMRI/Ana_code/TIstriatum_requirements.txt (line 80)) (5.9.2)
Requirement already satisfied: nest-asyncio==1.5.8 in /projectnb/viscog01/venvs/wen_env/bin/python/lib/python3.10/site-packages (from -r /projectnb2/viscog01/Wen/IBL_TI_fMRI/Ana_code/TIstriatum_requirements.txt (line 81)) (1.5.8)
Requirement already satisfied: networkx==3.2.1 in /projectnb/viscog01/venvs/wen_env/bin/python/lib/python3.10/site-packages (from -r /projectnb2/viscog01/Wen/IBL_TI_fMRI/Ana_code/TIstriatum_requirements.txt (line 82)) (3.2.1)
Requirement already satisfied: nibabel==5.2.0 in /projectnb/viscog01/venvs/wen_env/bin/python/lib/python3.10/site-packages (from -r /projectnb2/viscog01/Wen/IBL_TI_fMRI/Ana_code/TIstriatum_requirements.txt (line 83)) (5.2.0)
Requirement already satisfied: nilearn==0.10.2 in /projectnb/viscog01/venvs/wen_env/bin/python/lib/python3.10/site-packages (from -r /projectnb2/viscog01/Wen/IBL_TI_fMRI/Ana_code/TIstriatum_requirements.txt (line 84)) (0.10.2)
Requirement already satisfied: notebook==7.0.6 in /projectnb/viscog01/venvs/wen_env/bin/python/lib/python3.10/site-packages (from -r /projectnb2/viscog01/Wen/IBL_TI_fMRI/Ana_code/TIstriatum_requirements.txt (line 85)) (7.0.6)
Requirement already satisfied: notebook_shim==0.2.3 in /projectnb/viscog01/venvs/wen_env/bin/python/lib/python3.10/site-packages (from -r /projectnb2/viscog01/Wen/IBL_TI_fMRI/Ana_code/TIstriatum_requirements.txt (line 86)) (0.2.3)
Requirement already satisfied: num2words==0.5.13 in /projectnb/viscog01/venvs/wen_env/bin/python/lib/python3.10/site-packages (from -r /projectnb2/viscog01/Wen/IBL_TI_fMRI/Ana_code/TIstriatum_requirements.txt (line 87)) (0.5.13)
Requirement already satisfied: numpy==1.26.3 in /projectnb/viscog01/venvs/wen_env/bin/python/lib/python3.10/site-packages (from -r /projectnb2/viscog01/Wen/IBL_TI_fMRI/Ana_code/TIstriatum_requirements.txt (line 88)) (1.26.3)
Requirement already satisfied: overrides==7.4.0 in /projectnb/viscog01/venvs/wen_env/bin/python/lib/python3.10/site-packages (from -r /projectnb2/viscog01/Wen/IBL_TI_fMRI/Ana_code/TIstriatum_requirements.txt (line 89)) (7.4.0)
Requirement already satisfied: packaging==23.2 in /projectnb/viscog01/venvs/wen_env/bin/python/lib/python3.10/site-packages (from -r /projectnb2/viscog01/Wen/IBL_TI_fMRI/Ana_code/TIstriatum_requirements.txt (line 90)) (23.2)
Requirement already satisfied: pandas==2.1.4 in /projectnb/viscog01/venvs/wen_env/bin/python/lib/python3.10/site-packages (from -r /projectnb2/viscog01/Wen/IBL_TI_fMRI/Ana_code/TIstriatum_requirements.txt (line 91)) (2.1.4)
Requirement already satisfied: pandocfilters==1.5.0 in /projectnb/viscog01/venvs/wen_env/bin/python/lib/python3.10/site-packages (from -r /projectnb2/viscog01/Wen/IBL_TI_fMRI/Ana_code/TIstriatum_requirements.txt (line 92)) (1.5.0)
Requirement already satisfied: parso==0.8.3 in /projectnb/viscog01/venvs/wen_env/bin/python/lib/python3.10/site-packages (from -r /projectnb2/viscog01/Wen/IBL_TI_fMRI/Ana_code/TIstriatum_requirements.txt (line 93)) (0.8.3)
Requirement already satisfied: pexpect==4.9.0 in /projectnb/viscog01/venvs/wen_env/bin/python/lib/python3.10/site-packages (from -r /projectnb2/viscog01/Wen/IBL_TI_fMRI/Ana_code/TIstriatum_requirements.txt (line 94)) (4.9.0)
Requirement already satisfied: pillow==10.2.0 in /projectnb/viscog01/venvs/wen_env/bin/python/lib/python3.10/site-packages (from -r /projectnb2/viscog01/Wen/IBL_TI_fMRI/Ana_code/TIstriatum_requirements.txt (line 95)) (10.2.0)
Requirement already satisfied: platformdirs==4.1.0 in /projectnb/viscog01/venvs/wen_env/bin/python/lib/python3.10/site-packages (from -r /projectnb2/viscog01/Wen/IBL_TI_fMRI/Ana_code/TIstriatum_requirements.txt (line 96)) (4.1.0)
Requirement already satisfied: prometheus-client==0.19.0 in /projectnb/viscog01/venvs/wen_env/bin/python/lib/python3.10/site-packages (from -r /projectnb2/viscog01/Wen/IBL_TI_fMRI/Ana_code/TIstriatum_requirements.txt (line 97)) (0.19.0)
Requirement already satisfied: prompt-toolkit==3.0.43 in /projectnb/viscog01/venvs/wen_env/bin/python/lib/python3.10/site-packages (from -r /projectnb2/viscog01/Wen/IBL_TI_fMRI/Ana_code/TIstriatum_requirements.txt (line 98)) (3.0.43)
Requirement already satisfied: psutil==5.9.7 in /projectnb/viscog01/venvs/wen_env/bin/python/lib/python3.10/site-packages (from -r /projectnb2/viscog01/Wen/IBL_TI_fMRI/Ana_code/TIstriatum_requirements.txt (line 99)) (5.9.7)
Requirement already satisfied: ptyprocess==0.7.0 in /projectnb/viscog01/venvs/wen_env/bin/python/lib/python3.10/site-packages (from -r /projectnb2/viscog01/Wen/IBL_TI_fMRI/Ana_code/TIstriatum_requirements.txt (line 100)) (0.7.0)
Requirement already satisfied: pure-eval==0.2.2 in /projectnb/viscog01/venvs/wen_env/bin/python/lib/python3.10/site-packages (from -r /projectnb2/viscog01/Wen/IBL_TI_fMRI/Ana_code/TIstriatum_requirements.txt (line 101)) (0.2.2)
Requirement already satisfied: pybids==0.16.4 in /projectnb/viscog01/venvs/wen_env/bin/python/lib/python3.10/site-packages (from -r /projectnb2/viscog01/Wen/IBL_TI_fMRI/Ana_code/TIstriatum_requirements.txt (line 102)) (0.16.4)
Requirement already satisfied: pycparser==2.21 in /projectnb/viscog01/venvs/wen_env/bin/python/lib/python3.10/site-packages (from -r /projectnb2/viscog01/Wen/IBL_TI_fMRI/Ana_code/TIstriatum_requirements.txt (line 103)) (2.21)
Requirement already satisfied: pyface==8.0.0 in /projectnb/viscog01/venvs/wen_env/bin/python/lib/python3.10/site-packages (from -r /projectnb2/viscog01/Wen/IBL_TI_fMRI/Ana_code/TIstriatum_requirements.txt (line 104)) (8.0.0)
Requirement already satisfied: Pygments==2.17.2 in /projectnb/viscog01/venvs/wen_env/bin/python/lib/python3.10/site-packages (from -r /projectnb2/viscog01/Wen/IBL_TI_fMRI/Ana_code/TIstriatum_requirements.txt (line 105)) (2.17.2)
Requirement already satisfied: pyparsing==3.1.1 in /projectnb/viscog01/venvs/wen_env/bin/python/lib/python3.10/site-packages (from -r /projectnb2/viscog01/Wen/IBL_TI_fMRI/Ana_code/TIstriatum_requirements.txt (line 106)) (3.1.1)
Requirement already satisfied: PyQt5==5.15.10 in /projectnb/viscog01/venvs/wen_env/bin/python/lib/python3.10/site-packages (from -r /projectnb2/viscog01/Wen/IBL_TI_fMRI/Ana_code/TIstriatum_requirements.txt (line 107)) (5.15.10)
Requirement already satisfied: PyQt5-Qt5==5.15.2 in /projectnb/viscog01/venvs/wen_env/bin/python/lib/python3.10/site-packages (from -r /projectnb2/viscog01/Wen/IBL_TI_fMRI/Ana_code/TIstriatum_requirements.txt (line 108)) (5.15.2)
Requirement already satisfied: PyQt5-sip==12.13.0 in /projectnb/viscog01/venvs/wen_env/bin/python/lib/python3.10/site-packages (from -r /projectnb2/viscog01/Wen/IBL_TI_fMRI/Ana_code/TIstriatum_requirements.txt (line 109)) (12.13.0)
Requirement already satisfied: pysurfer==0.11.2 in /projectnb/viscog01/venvs/wen_env/bin/python/lib/python3.10/site-packages (from -r /projectnb2/viscog01/Wen/IBL_TI_fMRI/Ana_code/TIstriatum_requirements.txt (line 110)) (0.11.2)
Requirement already satisfied: python-dateutil==2.8.2 in /projectnb/viscog01/venvs/wen_env/bin/python/lib/python3.10/site-packages (from -r /projectnb2/viscog01/Wen/IBL_TI_fMRI/Ana_code/TIstriatum_requirements.txt (line 111)) (2.8.2)
Requirement already satisfied: python-json-logger==2.0.7 in /projectnb/viscog01/venvs/wen_env/bin/python/lib/python3.10/site-packages (from -r /projectnb2/viscog01/Wen/IBL_TI_fMRI/Ana_code/TIstriatum_requirements.txt (line 112)) (2.0.7)
Requirement already satisfied: pytz==2023.3.post1 in /projectnb/viscog01/venvs/wen_env/bin/python/lib/python3.10/site-packages (from -r /projectnb2/viscog01/Wen/IBL_TI_fMRI/Ana_code/TIstriatum_requirements.txt (line 113)) (2023.3.post1)
Requirement already satisfied: PyYAML==6.0.1 in /projectnb/viscog01/venvs/wen_env/bin/python/lib/python3.10/site-packages (from -r /projectnb2/viscog01/Wen/IBL_TI_fMRI/Ana_code/TIstriatum_requirements.txt (line 114)) (6.0.1)
Requirement already satisfied: pyzmq==25.1.2 in /projectnb/viscog01/venvs/wen_env/bin/python/lib/python3.10/site-packages (from -r /projectnb2/viscog01/Wen/IBL_TI_fMRI/Ana_code/TIstriatum_requirements.txt (line 115)) (25.1.2)
Requirement already satisfied: referencing==0.32.1 in /projectnb/viscog01/venvs/wen_env/bin/python/lib/python3.10/site-packages (from -r /projectnb2/viscog01/Wen/IBL_TI_fMRI/Ana_code/TIstriatum_requirements.txt (line 116)) (0.32.1)
Requirement already satisfied: requests==2.31.0 in /projectnb/viscog01/venvs/wen_env/bin/python/lib/python3.10/site-packages (from -r /projectnb2/viscog01/Wen/IBL_TI_fMRI/Ana_code/TIstriatum_requirements.txt (line 117)) (2.31.0)
Requirement already satisfied: rfc3339-validator==0.1.4 in /projectnb/viscog01/venvs/wen_env/bin/python/lib/python3.10/site-packages (from -r /projectnb2/viscog01/Wen/IBL_TI_fMRI/Ana_code/TIstriatum_requirements.txt (line 118)) (0.1.4)
Requirement already satisfied: rfc3986-validator==0.1.1 in /projectnb/viscog01/venvs/wen_env/bin/python/lib/python3.10/site-packages (from -r /projectnb2/viscog01/Wen/IBL_TI_fMRI/Ana_code/TIstriatum_requirements.txt (line 119)) (0.1.1)
Requirement already satisfied: rpds-py==0.16.2 in /projectnb/viscog01/venvs/wen_env/bin/python/lib/python3.10/site-packages (from -r /projectnb2/viscog01/Wen/IBL_TI_fMRI/Ana_code/TIstriatum_requirements.txt (line 120)) (0.16.2)
Requirement already satisfied: scikit-image==0.22.0 in /projectnb/viscog01/venvs/wen_env/bin/python/lib/python3.10/site-packages (from -r /projectnb2/viscog01/Wen/IBL_TI_fMRI/Ana_code/TIstriatum_requirements.txt (line 121)) (0.22.0)
Requirement already satisfied: scikit-learn==1.3.2 in /projectnb/viscog01/venvs/wen_env/bin/python/lib/python3.10/site-packages (from -r /projectnb2/viscog01/Wen/IBL_TI_fMRI/Ana_code/TIstriatum_requirements.txt (line 122)) (1.3.2)
Requirement already satisfied: scipy==1.11.4 in /projectnb/viscog01/venvs/wen_env/bin/python/lib/python3.10/site-packages (from -r /projectnb2/viscog01/Wen/IBL_TI_fMRI/Ana_code/TIstriatum_requirements.txt (line 123)) (1.11.4)
Requirement already satisfied: Send2Trash==1.8.2 in /projectnb/viscog01/venvs/wen_env/bin/python/lib/python3.10/site-packages (from -r /projectnb2/viscog01/Wen/IBL_TI_fMRI/Ana_code/TIstriatum_requirements.txt (line 124)) (1.8.2)
Requirement already satisfied: six==1.16.0 in /projectnb/viscog01/venvs/wen_env/bin/python/lib/python3.10/site-packages (from -r /projectnb2/viscog01/Wen/IBL_TI_fMRI/Ana_code/TIstriatum_requirements.txt (line 125)) (1.16.0)
Requirement already satisfied: sniffio==1.3.0 in /projectnb/viscog01/venvs/wen_env/bin/python/lib/python3.10/site-packages (from -r /projectnb2/viscog01/Wen/IBL_TI_fMRI/Ana_code/TIstriatum_requirements.txt (line 126)) (1.3.0)
Requirement already satisfied: soupsieve==2.5 in /projectnb/viscog01/venvs/wen_env/bin/python/lib/python3.10/site-packages (from -r /projectnb2/viscog01/Wen/IBL_TI_fMRI/Ana_code/TIstriatum_requirements.txt (line 127)) (2.5)
Requirement already satisfied: SQLAlchemy==2.0.25 in /projectnb/viscog01/venvs/wen_env/bin/python/lib/python3.10/site-packages (from -r /projectnb2/viscog01/Wen/IBL_TI_fMRI/Ana_code/TIstriatum_requirements.txt (line 128)) (2.0.25)
Requirement already satisfied: stack-data==0.6.3 in /projectnb/viscog01/venvs/wen_env/bin/python/lib/python3.10/site-packages (from -r /projectnb2/viscog01/Wen/IBL_TI_fMRI/Ana_code/TIstriatum_requirements.txt (line 129)) (0.6.3)
Requirement already satisfied: terminado==0.18.0 in /projectnb/viscog01/venvs/wen_env/bin/python/lib/python3.10/site-packages (from -r /projectnb2/viscog01/Wen/IBL_TI_fMRI/Ana_code/TIstriatum_requirements.txt (line 130)) (0.18.0)
Requirement already satisfied: threadpoolctl==3.2.0 in /projectnb/viscog01/venvs/wen_env/bin/python/lib/python3.10/site-packages (from -r /projectnb2/viscog01/Wen/IBL_TI_fMRI/Ana_code/TIstriatum_requirements.txt (line 131)) (3.2.0)
Requirement already satisfied: tifffile==2023.12.9 in /projectnb/viscog01/venvs/wen_env/bin/python/lib/python3.10/site-packages (from -r /projectnb2/viscog01/Wen/IBL_TI_fMRI/Ana_code/TIstriatum_requirements.txt (line 132)) (2023.12.9)
Requirement already satisfied: tinycss2==1.2.1 in /projectnb/viscog01/venvs/wen_env/bin/python/lib/python3.10/site-packages (from -r /projectnb2/viscog01/Wen/IBL_TI_fMRI/Ana_code/TIstriatum_requirements.txt (line 133)) (1.2.1)
Requirement already satisfied: toml==0.10.2 in /projectnb/viscog01/venvs/wen_env/bin/python/lib/python3.10/site-packages (from -r /projectnb2/viscog01/Wen/IBL_TI_fMRI/Ana_code/TIstriatum_requirements.txt (line 134)) (0.10.2)
Requirement already satisfied: tomli==2.0.1 in /projectnb/viscog01/venvs/wen_env/bin/python/lib/python3.10/site-packages (from -r /projectnb2/viscog01/Wen/IBL_TI_fMRI/Ana_code/TIstriatum_requirements.txt (line 135)) (2.0.1)
Requirement already satisfied: tornado==6.4 in /projectnb/viscog01/venvs/wen_env/bin/python/lib/python3.10/site-packages (from -r /projectnb2/viscog01/Wen/IBL_TI_fMRI/Ana_code/TIstriatum_requirements.txt (line 136)) (6.4)
Requirement already satisfied: traitlets==5.14.1 in /projectnb/viscog01/venvs/wen_env/bin/python/lib/python3.10/site-packages (from -r /projectnb2/viscog01/Wen/IBL_TI_fMRI/Ana_code/TIstriatum_requirements.txt (line 137)) (5.14.1)
Requirement already satisfied: traits==6.4.3 in /projectnb/viscog01/venvs/wen_env/bin/python/lib/python3.10/site-packages (from -r /projectnb2/viscog01/Wen/IBL_TI_fMRI/Ana_code/TIstriatum_requirements.txt (line 138)) (6.4.3)
Requirement already satisfied: traitsui==7.4.3 in /projectnb/viscog01/venvs/wen_env/bin/python/lib/python3.10/site-packages (from -r /projectnb2/viscog01/Wen/IBL_TI_fMRI/Ana_code/TIstriatum_requirements.txt (line 139)) (7.4.3)
Requirement already satisfied: types-python-dateutil==2.8.19.20240106 in /projectnb/viscog01/venvs/wen_env/bin/python/lib/python3.10/site-packages (from -r /projectnb2/viscog01/Wen/IBL_TI_fMRI/Ana_code/TIstriatum_requirements.txt (line 140)) (2.8.19.20240106)
Requirement already satisfied: typing_extensions==4.9.0 in /projectnb/viscog01/venvs/wen_env/bin/python/lib/python3.10/site-packages (from -r /projectnb2/viscog01/Wen/IBL_TI_fMRI/Ana_code/TIstriatum_requirements.txt (line 141)) (4.9.0)
Requirement already satisfied: tzdata==2023.4 in /projectnb/viscog01/venvs/wen_env/bin/python/lib/python3.10/site-packages (from -r /projectnb2/viscog01/Wen/IBL_TI_fMRI/Ana_code/TIstriatum_requirements.txt (line 142)) (2023.4)
Requirement already satisfied: uri-template==1.3.0 in /projectnb/viscog01/venvs/wen_env/bin/python/lib/python3.10/site-packages (from -r /projectnb2/viscog01/Wen/IBL_TI_fMRI/Ana_code/TIstriatum_requirements.txt (line 143)) (1.3.0)
Requirement already satisfied: urllib3==2.1.0 in /projectnb/viscog01/venvs/wen_env/bin/python/lib/python3.10/site-packages (from -r /projectnb2/viscog01/Wen/IBL_TI_fMRI/Ana_code/TIstriatum_requirements.txt (line 144)) (2.1.0)
Requirement already satisfied: vtk==9.2.2 in /projectnb/viscog01/venvs/wen_env/bin/python/lib/python3.10/site-packages (from -r /projectnb2/viscog01/Wen/IBL_TI_fMRI/Ana_code/TIstriatum_requirements.txt (line 145)) (9.2.2)
Requirement already satisfied: wcwidth==0.2.13 in /projectnb/viscog01/venvs/wen_env/bin/python/lib/python3.10/site-packages (from -r /projectnb2/viscog01/Wen/IBL_TI_fMRI/Ana_code/TIstriatum_requirements.txt (line 146)) (0.2.13)
Requirement already satisfied: webcolors==1.13 in /projectnb/viscog01/venvs/wen_env/bin/python/lib/python3.10/site-packages (from -r /projectnb2/viscog01/Wen/IBL_TI_fMRI/Ana_code/TIstriatum_requirements.txt (line 147)) (1.13)
Requirement already satisfied: webencodings==0.5.1 in /projectnb/viscog01/venvs/wen_env/bin/python/lib/python3.10/site-packages (from -r /projectnb2/viscog01/Wen/IBL_TI_fMRI/Ana_code/TIstriatum_requirements.txt (line 148)) (0.5.1)
Requirement already satisfied: websocket-client==1.7.0 in /projectnb/viscog01/venvs/wen_env/bin/python/lib/python3.10/site-packages (from -r /projectnb2/viscog01/Wen/IBL_TI_fMRI/Ana_code/TIstriatum_requirements.txt (line 149)) (1.7.0)
Requirement already satisfied: widgetsnbextension==4.0.9 in /projectnb/viscog01/venvs/wen_env/bin/python/lib/python3.10/site-packages (from -r /projectnb2/viscog01/Wen/IBL_TI_fMRI/Ana_code/TIstriatum_requirements.txt (line 150)) (4.0.9)
Requirement already satisfied: wrapt==1.16.0 in /projectnb/viscog01/venvs/wen_env/bin/python/lib/python3.10/site-packages (from -r /projectnb2/viscog01/Wen/IBL_TI_fMRI/Ana_code/TIstriatum_requirements.txt (line 151)) (1.16.0)
Requirement already satisfied: wslink==1.12.4 in /projectnb/viscog01/venvs/wen_env/bin/python/lib/python3.10/site-packages (from -r /projectnb2/viscog01/Wen/IBL_TI_fMRI/Ana_code/TIstriatum_requirements.txt (line 152)) (1.12.4)
Requirement already satisfied: yarl==1.9.4 in /projectnb/viscog01/venvs/wen_env/bin/python/lib/python3.10/site-packages (from -r /projectnb2/viscog01/Wen/IBL_TI_fMRI/Ana_code/TIstriatum_requirements.txt (line 153)) (1.9.4)
Requirement already satisfied: setuptools in /projectnb/viscog01/venvs/wen_env/bin/python/lib/python3.10/site-packages (from envisage==7.0.3->-r /projectnb2/viscog01/Wen/IBL_TI_fMRI/Ana_code/TIstriatum_requirements.txt (line 30)) (67.8.0)
[NbConvertApp] Converting notebook post_fmriprep_OBA.ipynb to script
[NbConvertApp] Writing 10035 bytes to post_fmriprep_OBA.py
[NbConvertApp] Converting notebook post_fmriprep_FFA.ipynb to script
[NbConvertApp] Writing 16087 bytes to post_fmriprep_FFA.py
[NbConvertApp] Converting notebook post_fmriprep_MT.ipynb to script
[NbConvertApp] Writing 15816 bytes to post_fmriprep_MT.py
/projectnb/viscog01/venvs/wen_env/bin/python/lib/python3.10/site-packages/nilearn/glm/first_level/experimental_paradigm.py:166: UserWarning: The following unexpected columns in events data will be ignored: weight
  warnings.warn(
BIDS Layout: .../viscog01/Wen/IBL_TI_fMRI/BIDS | Subjects: 3 | Sessions: 3 | Runs: 18
/projectnb/viscog01/venvs/wen_env/bin/python/lib/python3.10/site-packages/nilearn/reporting/utils.py:10: UserWarning: Tight layout not applied. The bottom and top margins cannot be made large enough to accommodate all axes decorations.
  fig.savefig(
/projectnb/viscog01/venvs/wen_env/bin/python/lib/python3.10/site-packages/nilearn/reporting/utils.py:10: UserWarning: Tight layout not applied. The bottom and top margins cannot be made large enough to accommodate all axes decorations.
  fig.savefig(
/projectnb/viscog01/venvs/wen_env/bin/python/lib/python3.10/site-packages/nilearn/reporting/utils.py:10: UserWarning: Tight layout not applied. The bottom and top margins cannot be made large enough to accommodate all axes decorations.
  fig.savefig(
/projectnb/viscog01/venvs/wen_env/bin/python/lib/python3.10/site-packages/nilearn/reporting/utils.py:10: UserWarning: Tight layout not applied. The bottom and top margins cannot be made large enough to accommodate all axes decorations.
  fig.savefig(
/projectnb/viscog01/venvs/wen_env/bin/python/lib/python3.10/site-packages/nilearn/image/resampling.py:591: UserWarning: Casting data from int16 to float32
  warnings.warn(f"Casting data from {data.dtype.name} to {aux}")
/projectnb/viscog01/venvs/wen_env/bin/python/lib/python3.10/site-packages/nilearn/image/resampling.py:291: UserWarning: Resampling binary images with continuous or linear interpolation. This might lead to unexpected results. You might consider using nearest interpolation instead.
  warnings.warn(
/projectnb/viscog01/venvs/wen_env/bin/python/lib/python3.10/site-packages/nilearn/reporting/utils.py:10: UserWarning: Tight layout not applied. The bottom and top margins cannot be made large enough to accommodate all axes decorations.
  fig.savefig(
/projectnb/viscog01/venvs/wen_env/bin/python/lib/python3.10/site-packages/nilearn/reporting/utils.py:10: UserWarning: Tight layout not applied. The bottom and top margins cannot be made large enough to accommodate all axes decorations.
  fig.savefig(
/projectnb/viscog01/venvs/wen_env/bin/python/lib/python3.10/site-packages/nilearn/reporting/utils.py:10: UserWarning: Tight layout not applied. The bottom and top margins cannot be made large enough to accommodate all axes decorations.
  fig.savefig(
/projectnb/viscog01/venvs/wen_env/bin/python/lib/python3.10/site-packages/nilearn/reporting/utils.py:10: UserWarning: Tight layout not applied. The bottom and top margins cannot be made large enough to accommodate all axes decorations.
  fig.savefig(
/projectnb/viscog01/venvs/wen_env/bin/python/lib/python3.10/site-packages/nilearn/image/resampling.py:591: UserWarning: Casting data from int16 to float32
  warnings.warn(f"Casting data from {data.dtype.name} to {aux}")
/projectnb/viscog01/venvs/wen_env/bin/python/lib/python3.10/site-packages/nilearn/image/resampling.py:291: UserWarning: Resampling binary images with continuous or linear interpolation. This might lead to unexpected results. You might consider using nearest interpolation instead.
  warnings.warn(
/projectnb/viscog01/venvs/wen_env/bin/python/lib/python3.10/site-packages/nilearn/reporting/utils.py:10: UserWarning: Tight layout not applied. The bottom and top margins cannot be made large enough to accommodate all axes decorations.
  fig.savefig(
