sub-231101IBLS02
You are using MRIQC v22.0.6, and a newer version is available: 23.1.0.
231123-08:46:06,667 cli IMPORTANT:
	 
    Running MRIQC version 22.0.6:
      * BIDS dataset path: /projectnb/viscog01/Wen/IBL_TI_fMRI/BIDS.
      * Output folder: /projectnb/viscog01/Wen/IBL_TI_fMRI/BIDS/derivatives/mriqc.
      * Analysis levels: ['participant'].

231123-08:46:21,864 cli WARNING:
	 IMPORTANT: Anonymized quality metrics (IQMs) will be submitted to MRIQC's metrics repository. Submission of IQMs can be disabled using the ``--no-sub`` argument. Please visit https://mriqc.readthedocs.io/en/latest/dsa.html to revise MRIQC's Data Sharing Agreement.
231123-08:46:48,112 nipype.interface WARNING:
	 QC metrics upload failed to create an ID for the record uplOADED. rEsponse from server follows: {"_status": "ERR", "_issues": {"bids_meta": {"TaskName": "required field"}}, "_error": {"code": 422, "message": "Insertion failure: 1 document(s) contain(s) error(s)"}}
231123-08:46:48,112 nipype.interface WARNING:
	 QC metrics failed to upload. Status 422: {"_status": "ERR", "_issues": {"bids_meta": {"TaskName": "required field"}}, "_error": {"code": 422, "message": "Insertion failure: 1 document(s) contain(s) error(s)"}}
231123-08:46:48,117 nipype.interface WARNING:
	 QC metrics upload failed to create an ID for the record uplOADED. rEsponse from server follows: {"_status": "ERR", "_issues": {"bids_meta": {"TaskName": "required field"}}, "_error": {"code": 422, "message": "Insertion failure: 1 document(s) contain(s) error(s)"}}
231123-08:46:48,117 nipype.interface WARNING:
	 QC metrics failed to upload. Status 422: {"_status": "ERR", "_issues": {"bids_meta": {"TaskName": "required field"}}, "_error": {"code": 422, "message": "Insertion failure: 1 document(s) contain(s) error(s)"}}
231123-08:46:48,141 nipype.interface WARNING:
	 QC metrics upload failed to create an ID for the record uplOADED. rEsponse from server follows: {"_status": "ERR", "_issues": {"bids_meta": {"TaskName": "required field"}}, "_error": {"code": 422, "message": "Insertion failure: 1 document(s) contain(s) error(s)"}}
231123-08:46:48,141 nipype.interface WARNING:
	 QC metrics failed to upload. Status 422: {"_status": "ERR", "_issues": {"bids_meta": {"TaskName": "required field"}}, "_error": {"code": 422, "message": "Insertion failure: 1 document(s) contain(s) error(s)"}}
231123-08:46:48,145 nipype.interface WARNING:
	 QC metrics upload failed to create an ID for the record uplOADED. rEsponse from server follows: {"_status": "ERR", "_issues": {"bids_meta": {"TaskName": "required field"}}, "_error": {"code": 422, "message": "Insertion failure: 1 document(s) contain(s) error(s)"}}
231123-08:46:48,145 nipype.interface WARNING:
	 QC metrics failed to upload. Status 422: {"_status": "ERR", "_issues": {"bids_meta": {"TaskName": "required field"}}, "_error": {"code": 422, "message": "Insertion failure: 1 document(s) contain(s) error(s)"}}
231123-08:46:48,168 nipype.interface WARNING:
	 QC metrics upload failed to create an ID for the record uplOADED. rEsponse from server follows: {"_status": "ERR", "_issues": {"bids_meta": {"TaskName": "required field"}}, "_error": {"code": 422, "message": "Insertion failure: 1 document(s) contain(s) error(s)"}}
231123-08:46:48,169 nipype.interface WARNING:
	 QC metrics failed to upload. Status 422: {"_status": "ERR", "_issues": {"bids_meta": {"TaskName": "required field"}}, "_error": {"code": 422, "message": "Insertion failure: 1 document(s) contain(s) error(s)"}}
231123-08:46:48,171 nipype.interface WARNING:
	 QC metrics upload failed to create an ID for the record uplOADED. rEsponse from server follows: {"_status": "ERR", "_issues": {"bids_meta": {"TaskName": "required field"}}, "_error": {"code": 422, "message": "Insertion failure: 1 document(s) contain(s) error(s)"}}
231123-08:46:48,171 nipype.interface WARNING:
	 QC metrics failed to upload. Status 422: {"_status": "ERR", "_issues": {"bids_meta": {"TaskName": "required field"}}, "_error": {"code": 422, "message": "Insertion failure: 1 document(s) contain(s) error(s)"}}
231123-08:46:48,196 nipype.interface WARNING:
	 QC metrics upload failed to create an ID for the record uplOADED. rEsponse from server follows: {"_status": "ERR", "_issues": {"bids_meta": {"TaskName": "required field"}}, "_error": {"code": 422, "message": "Insertion failure: 1 document(s) contain(s) error(s)"}}
231123-08:46:48,196 nipype.interface WARNING:
	 QC metrics failed to upload. Status 422: {"_status": "ERR", "_issues": {"bids_meta": {"TaskName": "required field"}}, "_error": {"code": 422, "message": "Insertion failure: 1 document(s) contain(s) error(s)"}}
231123-08:46:48,196 nipype.interface WARNING:
	 QC metrics upload failed to create an ID for the record uplOADED. rEsponse from server follows: {"_status": "ERR", "_issues": {"bids_meta": {"TaskName": "required field"}}, "_error": {"code": 422, "message": "Insertion failure: 1 document(s) contain(s) error(s)"}}
231123-08:46:48,196 nipype.interface WARNING:
	 QC metrics failed to upload. Status 422: {"_status": "ERR", "_issues": {"bids_meta": {"TaskName": "required field"}}, "_error": {"code": 422, "message": "Insertion failure: 1 document(s) contain(s) error(s)"}}
231123-08:46:49,816 nipype.interface WARNING:
	 QC metrics upload failed to create an ID for the record uplOADED. rEsponse from server follows: {"_status": "ERR", "_issues": {"bids_meta": {"TaskName": "required field"}}, "_error": {"code": 422, "message": "Insertion failure: 1 document(s) contain(s) error(s)"}}
231123-08:46:49,817 nipype.interface WARNING:
	 QC metrics failed to upload. Status 422: {"_status": "ERR", "_issues": {"bids_meta": {"TaskName": "required field"}}, "_error": {"code": 422, "message": "Insertion failure: 1 document(s) contain(s) error(s)"}}
231123-08:46:51,683 cli WARNING:
	 Building bold report: no exclude index was found
231123-08:46:51,696 cli WARNING:
	 Building bold report: no exclude index was found
231123-08:46:51,717 cli WARNING:
	 Building bold report: no exclude index was found
231123-08:46:51,734 cli WARNING:
	 Building bold report: no exclude index was found
231123-08:46:51,741 cli WARNING:
	 Building bold report: no exclude index was found
231123-08:46:51,750 cli WARNING:
	 Building bold report: no exclude index was found
231123-08:46:51,804 cli WARNING:
	 Building bold report: no exclude index was found
231123-08:46:53,834 cli WARNING:
	 Building bold report: no exclude index was found
231123-08:46:53,835 cli WARNING:
	 Building bold report: no exclude index was found
231123-08:46:59,507 cli WARNING:
	 IMPORTANT: Anonymized quality metrics (IQMs) will be submitted to MRIQC's metrics repository. Submission of IQMs can be disabled using the ``--no-sub`` argument. Please visit https://mriqc.readthedocs.io/en/latest/dsa.html to revise MRIQC's Data Sharing Agreement.
231123-08:46:59,508 cli IMPORTANT:
	 Participant level finished successfully.
You are using MRIQC v22.0.6, and a newer version is available: 23.1.0.
