sub-231117IBLS04
You are using MRIQC v22.0.6, and a newer version is available: 23.1.0.
231123-08:57:58,742 cli IMPORTANT:
	 
    Running MRIQC version 22.0.6:
      * BIDS dataset path: /projectnb/viscog01/Wen/IBL_TI_fMRI/BIDS.
      * Output folder: /projectnb/viscog01/Wen/IBL_TI_fMRI/BIDS/derivatives/mriqc.
      * Analysis levels: ['participant'].

231123-08:58:13,941 cli WARNING:
	 IMPORTANT: Anonymized quality metrics (IQMs) will be submitted to MRIQC's metrics repository. Submission of IQMs can be disabled using the ``--no-sub`` argument. Please visit https://mriqc.readthedocs.io/en/latest/dsa.html to revise MRIQC's Data Sharing Agreement.
231123-09:10:08,910 nipype.interface WARNING:
	 QC metrics upload failed to create an ID for the record uplOADED. rEsponse from server follows: {"_status": "ERR", "_issues": {"bids_meta": {"TaskName": "required field"}}, "_error": {"code": 422, "message": "Insertion failure: 1 document(s) contain(s) error(s)"}}
231123-09:10:08,914 nipype.interface WARNING:
	 QC metrics failed to upload. Status 422: {"_status": "ERR", "_issues": {"bids_meta": {"TaskName": "required field"}}, "_error": {"code": 422, "message": "Insertion failure: 1 document(s) contain(s) error(s)"}}
231123-09:10:10,511 nipype.interface WARNING:
	 QC metrics upload failed to create an ID for the record uplOADED. rEsponse from server follows: {"_status": "ERR", "_issues": {"bids_meta": {"TaskName": "required field"}}, "_error": {"code": 422, "message": "Insertion failure: 1 document(s) contain(s) error(s)"}}
231123-09:10:10,512 nipype.interface WARNING:
	 QC metrics failed to upload. Status 422: {"_status": "ERR", "_issues": {"bids_meta": {"TaskName": "required field"}}, "_error": {"code": 422, "message": "Insertion failure: 1 document(s) contain(s) error(s)"}}
231123-09:10:10,524 nipype.interface WARNING:
	 QC metrics upload failed to create an ID for the record uplOADED. rEsponse from server follows: {"_status": "ERR", "_issues": {"bids_meta": {"TaskName": "required field"}}, "_error": {"code": 422, "message": "Insertion failure: 1 document(s) contain(s) error(s)"}}
231123-09:10:10,524 nipype.interface WARNING:
	 QC metrics failed to upload. Status 422: {"_status": "ERR", "_issues": {"bids_meta": {"TaskName": "required field"}}, "_error": {"code": 422, "message": "Insertion failure: 1 document(s) contain(s) error(s)"}}
231123-09:10:28,561 nipype.interface WARNING:
	 QC metrics upload failed to create an ID for the record uplOADED. rEsponse from server follows: {"_status": "ERR", "_issues": {"bids_meta": {"TaskName": "required field"}}, "_error": {"code": 422, "message": "Insertion failure: 1 document(s) contain(s) error(s)"}}
231123-09:10:28,561 nipype.interface WARNING:
	 QC metrics failed to upload. Status 422: {"_status": "ERR", "_issues": {"bids_meta": {"TaskName": "required field"}}, "_error": {"code": 422, "message": "Insertion failure: 1 document(s) contain(s) error(s)"}}
231123-09:10:34,791 nipype.interface WARNING:
	 QC metrics upload failed to create an ID for the record uplOADED. rEsponse from server follows: {"_status": "ERR", "_issues": {"bids_meta": {"TaskName": "required field"}}, "_error": {"code": 422, "message": "Insertion failure: 1 document(s) contain(s) error(s)"}}
231123-09:10:34,791 nipype.interface WARNING:
	 QC metrics failed to upload. Status 422: {"_status": "ERR", "_issues": {"bids_meta": {"TaskName": "required field"}}, "_error": {"code": 422, "message": "Insertion failure: 1 document(s) contain(s) error(s)"}}
231123-09:10:36,590 nipype.interface WARNING:
	 QC metrics upload failed to create an ID for the record uplOADED. rEsponse from server follows: {"_status": "ERR", "_issues": {"bids_meta": {"TaskName": "required field"}}, "_error": {"code": 422, "message": "Insertion failure: 1 document(s) contain(s) error(s)"}}
231123-09:10:36,590 nipype.interface WARNING:
	 QC metrics failed to upload. Status 422: {"_status": "ERR", "_issues": {"bids_meta": {"TaskName": "required field"}}, "_error": {"code": 422, "message": "Insertion failure: 1 document(s) contain(s) error(s)"}}
231123-09:10:42,772 nipype.interface WARNING:
	 QC metrics upload failed to create an ID for the record uplOADED. rEsponse from server follows: {"_status": "ERR", "_issues": {"bids_meta": {"TaskName": "required field"}}, "_error": {"code": 422, "message": "Insertion failure: 1 document(s) contain(s) error(s)"}}
231123-09:10:42,772 nipype.interface WARNING:
	 QC metrics failed to upload. Status 422: {"_status": "ERR", "_issues": {"bids_meta": {"TaskName": "required field"}}, "_error": {"code": 422, "message": "Insertion failure: 1 document(s) contain(s) error(s)"}}
231123-09:10:42,774 nipype.interface WARNING:
	 QC metrics upload failed to create an ID for the record uplOADED. rEsponse from server follows: {"_status": "ERR", "_issues": {"bids_meta": {"TaskName": "required field"}}, "_error": {"code": 422, "message": "Insertion failure: 1 document(s) contain(s) error(s)"}}
231123-09:10:42,775 nipype.interface WARNING:
	 QC metrics failed to upload. Status 422: {"_status": "ERR", "_issues": {"bids_meta": {"TaskName": "required field"}}, "_error": {"code": 422, "message": "Insertion failure: 1 document(s) contain(s) error(s)"}}
231123-09:10:44,550 nipype.interface WARNING:
	 QC metrics upload failed to create an ID for the record uplOADED. rEsponse from server follows: {"_status": "ERR", "_issues": {"bids_meta": {"TaskName": "required field"}}, "_error": {"code": 422, "message": "Insertion failure: 1 document(s) contain(s) error(s)"}}
231123-09:10:44,550 nipype.interface WARNING:
	 QC metrics failed to upload. Status 422: {"_status": "ERR", "_issues": {"bids_meta": {"TaskName": "required field"}}, "_error": {"code": 422, "message": "Insertion failure: 1 document(s) contain(s) error(s)"}}
231123-09:12:30,502 cli WARNING:
	 Building bold report: no exclude index was found
231123-09:12:34,508 cli WARNING:
	 Building bold report: no exclude index was found
231123-09:12:48,535 cli WARNING:
	 Building bold report: no exclude index was found
231123-09:13:02,534 cli WARNING:
	 Building bold report: no exclude index was found
231123-09:13:08,536 cli WARNING:
	 Building bold report: no exclude index was found
231123-09:13:12,511 cli WARNING:
	 Building bold report: no exclude index was found
231123-09:13:12,513 cli WARNING:
	 Building bold report: no exclude index was found
231123-09:13:14,510 cli WARNING:
	 Building bold report: no exclude index was found
231123-09:13:22,512 cli WARNING:
	 Building bold report: no exclude index was found
231123-09:13:26,537 cli WARNING:
	 IMPORTANT: Anonymized quality metrics (IQMs) will be submitted to MRIQC's metrics repository. Submission of IQMs can be disabled using the ``--no-sub`` argument. Please visit https://mriqc.readthedocs.io/en/latest/dsa.html to revise MRIQC's Data Sharing Agreement.
231123-09:13:26,537 cli IMPORTANT:
	 Participant level finished successfully.
You are using MRIQC v22.0.6, and a newer version is available: 23.1.0.
