sub-231101IBLS02
You are using MRIQC v22.0.6, and a newer version is available: 23.1.0.
231109-15:00:40,728 cli IMPORTANT:
	 
    Running MRIQC version 22.0.6:
      * BIDS dataset path: /projectnb/viscog01/Wen/IBL_TI_fMRI/BIDS.
      * Output folder: /projectnb/viscog01/Wen/IBL_TI_fMRI/BIDS/derivatives/mriqc.
      * Analysis levels: ['participant'].

231109-15:00:56,592 cli WARNING:
	 IMPORTANT: Anonymized quality metrics (IQMs) will be submitted to MRIQC's metrics repository. Submission of IQMs can be disabled using the ``--no-sub`` argument. Please visit https://mriqc.readthedocs.io/en/latest/dsa.html to revise MRIQC's Data Sharing Agreement.
231109-15:12:45,329 nipype.interface WARNING:
	 QC metrics upload failed to create an ID for the record uplOADED. rEsponse from server follows: {"_status": "ERR", "_issues": {"bids_meta": {"TaskName": "required field"}}, "_error": {"code": 422, "message": "Insertion failure: 1 document(s) contain(s) error(s)"}}
231109-15:12:45,329 nipype.interface WARNING:
	 QC metrics failed to upload. Status 422: {"_status": "ERR", "_issues": {"bids_meta": {"TaskName": "required field"}}, "_error": {"code": 422, "message": "Insertion failure: 1 document(s) contain(s) error(s)"}}
231109-15:12:51,333 nipype.interface WARNING:
	 QC metrics upload failed to create an ID for the record uplOADED. rEsponse from server follows: {"_status": "ERR", "_issues": {"bids_meta": {"TaskName": "required field"}}, "_error": {"code": 422, "message": "Insertion failure: 1 document(s) contain(s) error(s)"}}
231109-15:12:51,333 nipype.interface WARNING:
	 QC metrics failed to upload. Status 422: {"_status": "ERR", "_issues": {"bids_meta": {"TaskName": "required field"}}, "_error": {"code": 422, "message": "Insertion failure: 1 document(s) contain(s) error(s)"}}
231109-15:12:57,373 nipype.interface WARNING:
	 QC metrics upload failed to create an ID for the record uplOADED. rEsponse from server follows: {"_status": "ERR", "_issues": {"bids_meta": {"TaskName": "required field"}}, "_error": {"code": 422, "message": "Insertion failure: 1 document(s) contain(s) error(s)"}}
231109-15:12:57,374 nipype.interface WARNING:
	 QC metrics failed to upload. Status 422: {"_status": "ERR", "_issues": {"bids_meta": {"TaskName": "required field"}}, "_error": {"code": 422, "message": "Insertion failure: 1 document(s) contain(s) error(s)"}}
231109-15:12:57,379 nipype.interface WARNING:
	 QC metrics upload failed to create an ID for the record uplOADED. rEsponse from server follows: {"_status": "ERR", "_issues": {"bids_meta": {"TaskName": "required field"}}, "_error": {"code": 422, "message": "Insertion failure: 1 document(s) contain(s) error(s)"}}
231109-15:12:57,379 nipype.interface WARNING:
	 QC metrics failed to upload. Status 422: {"_status": "ERR", "_issues": {"bids_meta": {"TaskName": "required field"}}, "_error": {"code": 422, "message": "Insertion failure: 1 document(s) contain(s) error(s)"}}
231109-15:13:15,327 nipype.interface WARNING:
	 QC metrics upload failed to create an ID for the record uplOADED. rEsponse from server follows: {"_status": "ERR", "_issues": {"bids_meta": {"TaskName": "required field"}}, "_error": {"code": 422, "message": "Insertion failure: 1 document(s) contain(s) error(s)"}}
231109-15:13:15,327 nipype.interface WARNING:
	 QC metrics failed to upload. Status 422: {"_status": "ERR", "_issues": {"bids_meta": {"TaskName": "required field"}}, "_error": {"code": 422, "message": "Insertion failure: 1 document(s) contain(s) error(s)"}}
231109-15:13:23,311 nipype.interface WARNING:
	 QC metrics upload failed to create an ID for the record uplOADED. rEsponse from server follows: {"_status": "ERR", "_issues": {"bids_meta": {"TaskName": "required field"}}, "_error": {"code": 422, "message": "Insertion failure: 1 document(s) contain(s) error(s)"}}
231109-15:13:23,311 nipype.interface WARNING:
	 QC metrics failed to upload. Status 422: {"_status": "ERR", "_issues": {"bids_meta": {"TaskName": "required field"}}, "_error": {"code": 422, "message": "Insertion failure: 1 document(s) contain(s) error(s)"}}
231109-15:13:27,356 nipype.interface WARNING:
	 QC metrics upload failed to create an ID for the record uplOADED. rEsponse from server follows: {"_status": "ERR", "_issues": {"bids_meta": {"TaskName": "required field"}}, "_error": {"code": 422, "message": "Insertion failure: 1 document(s) contain(s) error(s)"}}
231109-15:13:27,356 nipype.interface WARNING:
	 QC metrics failed to upload. Status 422: {"_status": "ERR", "_issues": {"bids_meta": {"TaskName": "required field"}}, "_error": {"code": 422, "message": "Insertion failure: 1 document(s) contain(s) error(s)"}}
231109-15:13:31,467 nipype.interface WARNING:
	 QC metrics upload failed to create an ID for the record uplOADED. rEsponse from server follows: {"_status": "ERR", "_issues": {"bids_meta": {"TaskName": "required field"}}, "_error": {"code": 422, "message": "Insertion failure: 1 document(s) contain(s) error(s)"}}
231109-15:13:31,467 nipype.interface WARNING:
	 QC metrics failed to upload. Status 422: {"_status": "ERR", "_issues": {"bids_meta": {"TaskName": "required field"}}, "_error": {"code": 422, "message": "Insertion failure: 1 document(s) contain(s) error(s)"}}
231109-15:13:33,328 nipype.interface WARNING:
	 QC metrics upload failed to create an ID for the record uplOADED. rEsponse from server follows: {"_status": "ERR", "_issues": {"bids_meta": {"TaskName": "required field"}}, "_error": {"code": 422, "message": "Insertion failure: 1 document(s) contain(s) error(s)"}}
231109-15:13:33,328 nipype.interface WARNING:
	 QC metrics failed to upload. Status 422: {"_status": "ERR", "_issues": {"bids_meta": {"TaskName": "required field"}}, "_error": {"code": 422, "message": "Insertion failure: 1 document(s) contain(s) error(s)"}}
231109-15:15:13,286 cli WARNING:
	 Building bold report: no exclude index was found
231109-15:15:21,281 cli WARNING:
	 Building bold report: no exclude index was found
231109-15:15:23,286 cli WARNING:
	 Building bold report: no exclude index was found
231109-15:15:33,294 cli WARNING:
	 Building bold report: no exclude index was found
231109-15:15:51,301 cli WARNING:
	 Building bold report: no exclude index was found
231109-15:15:51,303 cli WARNING:
	 Building bold report: no exclude index was found
231109-15:15:57,302 cli WARNING:
	 Building bold report: no exclude index was found
231109-15:15:57,302 cli WARNING:
	 Building bold report: no exclude index was found
231109-15:16:01,297 cli WARNING:
	 Building bold report: no exclude index was found
231109-15:16:05,317 cli WARNING:
	 IMPORTANT: Anonymized quality metrics (IQMs) will be submitted to MRIQC's metrics repository. Submission of IQMs can be disabled using the ``--no-sub`` argument. Please visit https://mriqc.readthedocs.io/en/latest/dsa.html to revise MRIQC's Data Sharing Agreement.
231109-15:16:05,317 cli IMPORTANT:
	 Participant level finished successfully.
